# JRE version: Java(TM) SE Runtime Environment (17.0.11+7) (build 17.0.11+7-LTS-207)
# Java VM: Java HotSpot(TM) 64-Bit Server VM (17.0.11+7-LTS-207, mixed mode, sharing, tiered, compressed oops, compressed class ptrs, g1 gc, windows-amd64)
GC Precious Log:
 CPUs: 8 total, 8 available
 Memory: 7915M
 Large Page Support: Disabled
 NUMA Support: Disabled
 Compressed Oops: Enabled (32-bit)
 Heap Region Size: 1M
 Heap Min Capacity: 8M
 Heap Initial Capacity: 124M
 Heap Max Capacity: 1980M
 Pre-touch: Disabled
 Parallel Workers: 8
 Concurrent Workers: 2
 Concurrent Refinement Workers: 8
 Periodic GC: Disabled
Heap:
 garbage-first heap   total 55296K, used 23415K [0x0000000084400000, 0x0000000100000000)
  region size 1024K, 6 young (6144K), 3 survivors (3072K)
 Metaspace       used 48302K, committed 48768K, reserved 1114112K
  class space    used 6459K, committed 6720K, reserved 1048576K
GC Heap History (18 events):
Event: 1.232 GC heap before
{Heap before GC invocations=0 (full 0):
 garbage-first heap   total 126976K, used 24576K [0x0000000084400000, 0x0000000100000000)
  region size 1024K, 23 young (23552K), 0 survivors (0K)
 Metaspace       used 6242K, committed 6400K, reserved 1114112K
  class space    used 739K, committed 832K, reserved 1048576K
}
Event: 1.238 GC heap after
{Heap after GC invocations=1 (full 0):
 garbage-first heap   total 126976K, used 7368K [0x0000000084400000, 0x0000000100000000)
  region size 1024K, 3 young (3072K), 3 survivors (3072K)
 Metaspace       used 6242K, committed 6400K, reserved 1114112K
  class space    used 739K, committed 832K, reserved 1048576K
}
Event: 1.690 GC heap before
{Heap before GC invocations=1 (full 0):
 garbage-first heap   total 126976K, used 33992K [0x0000000084400000, 0x0000000100000000)
  region size 1024K, 30 young (30720K), 3 survivors (3072K)
 Metaspace       used 13171K, committed 13376K, reserved 1114112K
  class space    used 1585K, committed 1664K, reserved 1048576K
}
Event: 1.707 GC heap after
{Heap after GC invocations=2 (full 0):
 garbage-first heap   total 126976K, used 10350K [0x0000000084400000, 0x0000000100000000)
  region size 1024K, 3 young (3072K), 3 survivors (3072K)
 Metaspace       used 13171K, committed 13376K, reserved 1114112K
  class space    used 1585K, committed 1664K, reserved 1048576K
}
Event: 2.593 GC heap before
{Heap before GC invocations=2 (full 0):
 garbage-first heap   total 126976K, used 57454K [0x0000000084400000, 0x0000000100000000)
  region size 1024K, 51 young (52224K), 3 survivors (3072K)
 Metaspace       used 21276K, committed 21504K, reserved 1114112K
  class space    used 2638K, committed 2752K, reserved 1048576K
}
Event: 2.600 GC heap after
{Heap after GC invocations=3 (full 0):
 garbage-first heap   total 126976K, used 14072K [0x0000000084400000, 0x0000000100000000)
  region size 1024K, 7 young (7168K), 7 survivors (7168K)
 Metaspace       used 21276K, committed 21504K, reserved 1114112K
  class space    used 2638K, committed 2752K, reserved 1048576K
}
Event: 3.284 GC heap before
{Heap before GC invocations=4 (full 0):
 garbage-first heap   total 55296K, used 39672K [0x0000000084400000, 0x0000000100000000)
  region size 1024K, 32 young (32768K), 7 survivors (7168K)
 Metaspace       used 26551K, committed 27008K, reserved 1114112K
  class space    used 3376K, committed 3584K, reserved 1048576K
}
Event: 3.296 GC heap after
{Heap after GC invocations=5 (full 0):
 garbage-first heap   total 55296K, used 17086K [0x0000000084400000, 0x0000000100000000)
  region size 1024K, 4 young (4096K), 4 survivors (4096K)
 Metaspace       used 26551K, committed 27008K, reserved 1114112K
  class space    used 3376K, committed 3584K, reserved 1048576K
}
Event: 3.823 GC heap before
{Heap before GC invocations=5 (full 0):
 garbage-first heap   total 55296K, used 36542K [0x0000000084400000, 0x0000000100000000)
  region size 1024K, 23 young (23552K), 4 survivors (4096K)
 Metaspace       used 30372K, committed 30848K, reserved 1114112K
  class space    used 3832K, committed 4096K, reserved 1048576K
}
Event: 3.827 GC heap after
{Heap after GC invocations=6 (full 0):
 garbage-first heap   total 55296K, used 18284K [0x0000000084400000, 0x0000000100000000)
  region size 1024K, 2 young (2048K), 2 survivors (2048K)
 Metaspace       used 30372K, committed 30848K, reserved 1114112K
  class space    used 3832K, committed 4096K, reserved 1048576K
}
Event: 4.337 GC heap before
{Heap before GC invocations=6 (full 0):
 garbage-first heap   total 55296K, used 38764K [0x0000000084400000, 0x0000000100000000)
  region size 1024K, 22 young (22528K), 2 survivors (2048K)
 Metaspace       used 35351K, committed 35776K, reserved 1114112K
  class space    used 4667K, committed 4864K, reserved 1048576K
}
Event: 4.339 GC heap after
{Heap after GC invocations=7 (full 0):
 garbage-first heap   total 55296K, used 18887K [0x0000000084400000, 0x0000000100000000)
  region size 1024K, 3 young (3072K), 3 survivors (3072K)
 Metaspace       used 35351K, committed 35776K, reserved 1114112K
  class space    used 4667K, committed 4864K, reserved 1048576K
}
Event: 4.362 GC heap before
{Heap before GC invocations=7 (full 0):
 garbage-first heap   total 55296K, used 18887K [0x0000000084400000, 0x0000000100000000)
  region size 1024K, 4 young (4096K), 3 survivors (3072K)
 Metaspace       used 35519K, committed 35968K, reserved 1114112K
  class space    used 4698K, committed 4928K, reserved 1048576K
}
Event: 4.365 GC heap after
{Heap after GC invocations=8 (full 0):
 garbage-first heap   total 55296K, used 19201K [0x0000000084400000, 0x0000000100000000)
  region size 1024K, 2 young (2048K), 2 survivors (2048K)
 Metaspace       used 35519K, committed 35968K, reserved 1114112K
  class space    used 4698K, committed 4928K, reserved 1048576K
}
Event: 5.004 GC heap before
{Heap before GC invocations=9 (full 0):
 garbage-first heap   total 55296K, used 38657K [0x0000000084400000, 0x0000000100000000)
  region size 1024K, 22 young (22528K), 2 survivors (2048K)
 Metaspace       used 41497K, committed 41920K, reserved 1114112K
  class space    used 5504K, committed 5696K, reserved 1048576K
}
Event: 5.007 GC heap after
{Heap after GC invocations=10 (full 0):
 garbage-first heap   total 55296K, used 20269K [0x0000000084400000, 0x0000000100000000)
  region size 1024K, 3 young (3072K), 3 survivors (3072K)
 Metaspace       used 41497K, committed 41920K, reserved 1114112K
  class space    used 5504K, committed 5696K, reserved 1048576K
}
Event: 5.435 GC heap before
{Heap before GC invocations=10 (full 0):
 garbage-first heap   total 55296K, used 40749K [0x0000000084400000, 0x0000000100000000)
  region size 1024K, 23 young (23552K), 3 survivors (3072K)
 Metaspace       used 47090K, committed 47552K, reserved 1114112K
  class space    used 6329K, committed 6592K, reserved 1048576K
}
Event: 5.438 GC heap after
{Heap after GC invocations=11 (full 0):
 garbage-first heap   total 55296K, used 21367K [0x0000000084400000, 0x0000000100000000)
  region size 1024K, 3 young (3072K), 3 survivors (3072K)
 Metaspace       used 47090K, committed 47552K, reserved 1114112K
  class space    used 6329K, committed 6592K, reserved 1048576K
}

