# JRE version: Java(TM) SE Runtime Environment (17.0.11+7) (build 17.0.11+7-LTS-207)
# Java VM: Java HotSpot(TM) 64-Bit Server VM (17.0.11+7-LTS-207, mixed mode, sharing, tiered, compressed oops, compressed class ptrs, g1 gc, windows-amd64)
GC Precious Log:
 CPUs: 8 total, 8 available
 Memory: 7915M
 Large Page Support: Disabled
 NUMA Support: Disabled
 Compressed Oops: Enabled (32-bit)
 Heap Region Size: 1M
 Heap Min Capacity: 8M
 Heap Initial Capacity: 124M
 Heap Max Capacity: 1980M
 Pre-touch: Disabled
 Parallel Workers: 8
 Concurrent Workers: 2
 Concurrent Refinement Workers: 8
 Periodic GC: Disabled
Heap:
 garbage-first heap   total 71680K, used 51257K [0x0000000084400000, 0x0000000100000000)
  region size 1024K, 35 young (35840K), 5 survivors (5120K)
 Metaspace       used 54398K, committed 54912K, reserved 1114112K
  class space    used 7486K, committed 7744K, reserved 1048576K
GC Heap History (18 events):
Event: 1.120 GC heap before
{Heap before GC invocations=0 (full 0):
 garbage-first heap   total 126976K, used 24576K [0x0000000084400000, 0x0000000100000000)
  region size 1024K, 23 young (23552K), 0 survivors (0K)
 Metaspace       used 6215K, committed 6400K, reserved 1114112K
  class space    used 733K, committed 832K, reserved 1048576K
}
Event: 1.127 GC heap after
{Heap after GC invocations=1 (full 0):
 garbage-first heap   total 126976K, used 7688K [0x0000000084400000, 0x0000000100000000)
  region size 1024K, 3 young (3072K), 3 survivors (3072K)
 Metaspace       used 6215K, committed 6400K, reserved 1114112K
  class space    used 733K, committed 832K, reserved 1048576K
}
Event: 1.546 GC heap before
{Heap before GC invocations=1 (full 0):
 garbage-first heap   total 126976K, used 34312K [0x0000000084400000, 0x0000000100000000)
  region size 1024K, 30 young (30720K), 3 survivors (3072K)
 Metaspace       used 13156K, committed 13312K, reserved 1114112K
  class space    used 1582K, committed 1664K, reserved 1048576K
}
Event: 1.553 GC heap after
{Heap after GC invocations=2 (full 0):
 garbage-first heap   total 126976K, used 10227K [0x0000000084400000, 0x0000000100000000)
  region size 1024K, 3 young (3072K), 3 survivors (3072K)
 Metaspace       used 13156K, committed 13312K, reserved 1114112K
  class space    used 1582K, committed 1664K, reserved 1048576K
}
Event: 2.307 GC heap before
{Heap before GC invocations=2 (full 0):
 garbage-first heap   total 126976K, used 54259K [0x0000000084400000, 0x0000000100000000)
  region size 1024K, 46 young (47104K), 3 survivors (3072K)
 Metaspace       used 20638K, committed 20928K, reserved 1114112K
  class space    used 2532K, committed 2688K, reserved 1048576K
}
Event: 2.316 GC heap after
{Heap after GC invocations=3 (full 0):
 garbage-first heap   total 126976K, used 13606K [0x0000000084400000, 0x0000000100000000)
  region size 1024K, 6 young (6144K), 6 survivors (6144K)
 Metaspace       used 20638K, committed 20928K, reserved 1114112K
  class space    used 2532K, committed 2688K, reserved 1048576K
}
Event: 2.461 GC heap before
{Heap before GC invocations=3 (full 0):
 garbage-first heap   total 126976K, used 17702K [0x0000000084400000, 0x0000000100000000)
  region size 1024K, 11 young (11264K), 6 survivors (6144K)
 Metaspace       used 21250K, committed 21504K, reserved 1114112K
  class space    used 2632K, committed 2752K, reserved 1048576K
}
Event: 2.469 GC heap after
{Heap after GC invocations=4 (full 0):
 garbage-first heap   total 126976K, used 13978K [0x0000000084400000, 0x0000000100000000)
  region size 1024K, 4 young (4096K), 4 survivors (4096K)
 Metaspace       used 21250K, committed 21504K, reserved 1114112K
  class space    used 2632K, committed 2752K, reserved 1048576K
}
Event: 3.324 GC heap before
{Heap before GC invocations=5 (full 0):
 garbage-first heap   total 51200K, used 39578K [0x0000000084400000, 0x0000000100000000)
  region size 1024K, 30 young (30720K), 4 survivors (4096K)
 Metaspace       used 26775K, committed 27200K, reserved 1114112K
  class space    used 3384K, committed 3584K, reserved 1048576K
}
Event: 3.332 GC heap after
{Heap after GC invocations=6 (full 0):
 garbage-first heap   total 51200K, used 17267K [0x0000000084400000, 0x0000000100000000)
  region size 1024K, 4 young (4096K), 4 survivors (4096K)
 Metaspace       used 26775K, committed 27200K, reserved 1114112K
  class space    used 3384K, committed 3584K, reserved 1048576K
}
Event: 3.372 GC heap before
{Heap before GC invocations=6 (full 0):
 garbage-first heap   total 51200K, used 17267K [0x0000000084400000, 0x0000000100000000)
  region size 1024K, 5 young (5120K), 4 survivors (4096K)
 Metaspace       used 27007K, committed 27392K, reserved 1114112K
  class space    used 3412K, committed 3584K, reserved 1048576K
}
Event: 3.379 GC heap after
{Heap after GC invocations=7 (full 0):
 garbage-first heap   total 51200K, used 17654K [0x0000000084400000, 0x0000000100000000)
  region size 1024K, 1 young (1024K), 1 survivors (1024K)
 Metaspace       used 27007K, committed 27392K, reserved 1114112K
  class space    used 3412K, committed 3584K, reserved 1048576K
}
Event: 3.735 GC heap before
{Heap before GC invocations=7 (full 0):
 garbage-first heap   total 51200K, used 35062K [0x0000000084400000, 0x0000000100000000)
  region size 1024K, 19 young (19456K), 1 survivors (1024K)
 Metaspace       used 30520K, committed 30976K, reserved 1114112K
  class space    used 3857K, committed 4096K, reserved 1048576K
}
Event: 3.738 GC heap after
{Heap after GC invocations=8 (full 0):
 garbage-first heap   total 77824K, used 18294K [0x0000000084400000, 0x0000000100000000)
  region size 1024K, 2 young (2048K), 2 survivors (2048K)
 Metaspace       used 30520K, committed 30976K, reserved 1114112K
  class space    used 3857K, committed 4096K, reserved 1048576K
}
Event: 4.119 GC heap before
{Heap before GC invocations=8 (full 0):
 garbage-first heap   total 77824K, used 38774K [0x0000000084400000, 0x0000000100000000)
  region size 1024K, 23 young (23552K), 2 survivors (2048K)
 Metaspace       used 35572K, committed 35968K, reserved 1114112K
  class space    used 4706K, committed 4928K, reserved 1048576K
}
Event: 4.121 GC heap after
{Heap after GC invocations=9 (full 0):
 garbage-first heap   total 77824K, used 19307K [0x0000000084400000, 0x0000000100000000)
  region size 1024K, 3 young (3072K), 3 survivors (3072K)
 Metaspace       used 35572K, committed 35968K, reserved 1114112K
  class space    used 4706K, committed 4928K, reserved 1048576K
}
Event: 5.091 GC heap before
{Heap before GC invocations=10 (full 0):
 garbage-first heap   total 71680K, used 58219K [0x0000000084400000, 0x0000000100000000)
  region size 1024K, 41 young (41984K), 3 survivors (3072K)
 Metaspace       used 46523K, committed 46976K, reserved 1114112K
  class space    used 6247K, committed 6464K, reserved 1048576K
}
Event: 5.094 GC heap after
{Heap after GC invocations=11 (full 0):
 garbage-first heap   total 71680K, used 21561K [0x0000000084400000, 0x0000000100000000)
  region size 1024K, 5 young (5120K), 5 survivors (5120K)
 Metaspace       used 46523K, committed 46976K, reserved 1114112K
  class space    used 6247K, committed 6464K, reserved 1048576K
}

